<?xml version="1.0" encoding="UTF-8"?>
<!-- Generated by org.testng.reporters.JUnitReportReporter -->
<testsuite hostname="nbex9ax4f" failures="0" tests="8" name="Tests.Tests" time="9.958" errors="0" timestamp="27 jul. 2022 15:51:23 GMT" skipped="7">
  <testcase classname="Tests.Tests" name="CP001_Login_Exitoso" time="9.958"/>
  <testcase classname="Tests.Tests" name="CP002_Cambiar_Contrasena">
    <skipped/>
  </testcase> <!-- CP002_Cambiar_Contrasena -->
  <testcase classname="Tests.Tests" name="CP004_Contactanos">
    <skipped/>
  </testcase> <!-- CP004_Contactanos -->
  <testcase classname="Tests.Tests" name="CP007_Crear_App">
    <skipped/>
  </testcase> <!-- CP007_Crear_App -->
  <testcase classname="Tests.Tests" name="CP009_Borrar_App">
    <skipped/>
  </testcase> <!-- CP009_Borrar_App -->
  <testcase classname="Tests.Tests" name="CP006_Guia_Inicio">
    <skipped/>
  </testcase> <!-- CP006_Guia_Inicio -->
  <testcase classname="Tests.Tests" name="CP005_Login_Fallido">
    <skipped/>
  </testcase> <!-- CP005_Login_Fallido -->
  <testcase classname="Tests.Tests" name="CP003_Cambiar_Idioma_Pagina">
    <skipped/>
  </testcase> <!-- CP003_Cambiar_Idioma_Pagina -->
</testsuite> <!-- Tests.Tests -->
