<?xml version="1.0" encoding="UTF-8"?>
<!-- Generated by org.testng.reporters.JUnitReportReporter -->
<testsuite hostname="nbex9ax4f" failures="0" tests="8" name="Tests.Tests2" time="139.370" errors="0" timestamp="27 jul. 2022 15:51:23 GMT" skipped="0">
  <testcase classname="Tests.Tests2" name="CP007_Crear_App" time="34.495"/>
  <testcase classname="Tests.Tests2" name="CP001_Login_Exitoso" time="15.001"/>
  <testcase classname="Tests.Tests2" name="CP003_Cambiar_Idioma_Pagina" time="5.054"/>
  <testcase classname="Tests.Tests2" name="CP005_Login_Fallido" time="9.761"/>
  <testcase classname="Tests.Tests2" name="CP006_Guia_Inicio" time="10.339"/>
  <testcase classname="Tests.Tests2" name="CP002_Cambiar_Contrasena" time="11.909"/>
  <testcase classname="Tests.Tests2" name="CP008_Borrar_App" time="34.669"/>
  <testcase classname="Tests.Tests2" name="CP004_Contactanos" time="18.142"/>
</testsuite> <!-- Tests.Tests2 -->
